<?xml version="1.0" encoding="UTF-8"?>
<testsuite name="Scenario: Newsletter Error" time="1.277" tests="34" errors="0" skipped="0" failures="0">
  <properties>
    <property name="java.runtime.name" value="Java(TM) SE Runtime Environment"/>
    <property name="sun.boot.library.path" value="/Library/Java/JavaVirtualMachines/jdk1.8.0_45.jdk/Contents/Home/jre/lib"/>
    <property name="java.vm.version" value="25.45-b02"/>
    <property name="gopherProxySet" value="false"/>
    <property name="java.vm.vendor" value="Oracle Corporation"/>
    <property name="maven.multiModuleProjectDirectory" value="/Users/ajammula/Logi"/>
    <property name="java.vendor.url" value="http://java.oracle.com/"/>
    <property name="path.separator" value=":"/>
    <property name="guice.disable.misplaced.annotation.check" value="true"/>
    <property name="java.vm.name" value="Java HotSpot(TM) 64-Bit Server VM"/>
    <property name="file.encoding.pkg" value="sun.io"/>
    <property name="user.country" value="US"/>
    <property name="sun.java.launcher" value="SUN_STANDARD"/>
    <property name="sun.os.patch.level" value="unknown"/>
    <property name="java.vm.specification.name" value="Java Virtual Machine Specification"/>
    <property name="user.dir" value="/Users/ajammula/Logi"/>
    <property name="java.runtime.version" value="1.8.0_45-b14"/>
    <property name="java.awt.graphicsenv" value="sun.awt.CGraphicsEnvironment"/>
    <property name="java.endorsed.dirs" value="/Library/Java/JavaVirtualMachines/jdk1.8.0_45.jdk/Contents/Home/jre/lib/endorsed"/>
    <property name="os.arch" value="x86_64"/>
    <property name="java.io.tmpdir" value="/var/folders/q4/ltnnwgcx63v0tgqcfh38bv8rwkg_pq/T/"/>
    <property name="line.separator" value="&#10;"/>
    <property name="java.vm.specification.vendor" value="Oracle Corporation"/>
    <property name="os.name" value="Mac OS X"/>
    <property name="classworlds.conf" value="/usr/local/Cellar/maven/3.3.3/libexec/bin/m2.conf"/>
    <property name="sun.jnu.encoding" value="UTF-8"/>
    <property name="java.library.path" value="/Users/ajammula/Library/Java/Extensions:/Library/Java/Extensions:/Network/Library/Java/Extensions:/System/Library/Java/Extensions:/usr/lib/java:."/>
    <property name="java.specification.name" value="Java Platform API Specification"/>
    <property name="java.class.version" value="52.0"/>
    <property name="sun.management.compiler" value="HotSpot 64-Bit Tiered Compilers"/>
    <property name="os.version" value="10.10.3"/>
    <property name="http.nonProxyHosts" value="local|*.local|169.254/16|*.169.254/16"/>
    <property name="user.home" value="/Users/ajammula"/>
    <property name="user.timezone" value="America/Los_Angeles"/>
    <property name="java.awt.printerjob" value="sun.lwawt.macosx.CPrinterJob"/>
    <property name="java.specification.version" value="1.8"/>
    <property name="file.encoding" value="UTF-8"/>
    <property name="user.name" value="ajammula"/>
    <property name="java.class.path" value="/usr/local/Cellar/maven/3.3.3/libexec/boot/plexus-classworlds-2.5.2.jar"/>
    <property name="java.vm.specification.version" value="1.8"/>
    <property name="sun.arch.data.model" value="64"/>
    <property name="java.home" value="/Library/Java/JavaVirtualMachines/jdk1.8.0_45.jdk/Contents/Home/jre"/>
    <property name="sun.java.command" value="org.codehaus.plexus.classworlds.launcher.Launcher clean test -P tst"/>
    <property name="java.specification.vendor" value="Oracle Corporation"/>
    <property name="user.language" value="en"/>
    <property name="awt.toolkit" value="sun.lwawt.macosx.LWCToolkit"/>
    <property name="java.vm.info" value="mixed mode"/>
    <property name="java.version" value="1.8.0_45"/>
    <property name="java.ext.dirs" value="/Users/ajammula/Library/Java/Extensions:/Library/Java/JavaVirtualMachines/jdk1.8.0_45.jdk/Contents/Home/jre/lib/ext:/Library/Java/Extensions:/Network/Library/Java/Extensions:/System/Library/Java/Extensions:/usr/lib/java"/>
    <property name="sun.boot.class.path" value="/Library/Java/JavaVirtualMachines/jdk1.8.0_45.jdk/Contents/Home/jre/lib/resources.jar:/Library/Java/JavaVirtualMachines/jdk1.8.0_45.jdk/Contents/Home/jre/lib/rt.jar:/Library/Java/JavaVirtualMachines/jdk1.8.0_45.jdk/Contents/Home/jre/lib/sunrsasign.jar:/Library/Java/JavaVirtualMachines/jdk1.8.0_45.jdk/Contents/Home/jre/lib/jsse.jar:/Library/Java/JavaVirtualMachines/jdk1.8.0_45.jdk/Contents/Home/jre/lib/jce.jar:/Library/Java/JavaVirtualMachines/jdk1.8.0_45.jdk/Contents/Home/jre/lib/charsets.jar:/Library/Java/JavaVirtualMachines/jdk1.8.0_45.jdk/Contents/Home/jre/lib/jfr.jar:/Library/Java/JavaVirtualMachines/jdk1.8.0_45.jdk/Contents/Home/jre/classes"/>
    <property name="java.vendor" value="Oracle Corporation"/>
    <property name="maven.home" value="/usr/local/Cellar/maven/3.3.3/libexec"/>
    <property name="file.separator" value="/"/>
    <property name="java.vendor.url.bug" value="http://bugreport.sun.com/bugreport/"/>
    <property name="sun.cpu.endian" value="little"/>
    <property name="sun.io.unicode.encoding" value="UnicodeBig"/>
    <property name="socksNonProxyHosts" value="local|*.local|169.254/16|*.169.254/16"/>
    <property name="ftp.nonProxyHosts" value="local|*.local|169.254/16|*.169.254/16"/>
    <property name="sun.cpu.isalist" value=""/>
  </properties>
  <testcase name="Given User is on pdp Page" classname="Scenario: View all elements on PDP Page" time="0.001"/>
  <testcase name="Then the following elements of the &quot;pdp&quot; should be displayed" classname="Scenario: View all elements on PDP Page" time="0"/>
  <testcase name="Scenario: View all elements on PDP Page" classname="Scenario: View all elements on PDP Page" time="0.235"/>
  <testcase name="Given User is on Category Page" classname="Scenario: View all elements on category page" time="0"/>
  <testcase name="Then the following elements of the &quot;category&quot; should be displayed" classname="Scenario: View all elements on category page" time="0"/>
  <testcase name="Scenario: View all elements on category page" classname="Scenario: View all elements on category page" time="0.13"/>
  <testcase name="Scenario: View all elements on category page" classname="Scenario: View all elements on category page" time="0.123"/>
  <testcase name="Given User is on Category Page" classname="Scenario: Dropdowns work" time="0"/>
  <testcase name="Then Verify that dropdowns are usable" classname="Scenario: Dropdowns work" time="0"/>
  <testcase name="Scenario: Dropdowns work" classname="Scenario: Dropdowns work" time="0.151"/>
  <testcase name="Given User is on Category Page" classname="Scenario: Product Grid" time="0"/>
  <testcase name="And select a category" classname="Scenario: Product Grid" time="0"/>
  <testcase name="And Hover on product image" classname="Scenario: Product Grid" time="0"/>
  <testcase name="Then the following elements of the &quot;category&quot; should be displayed" classname="Scenario: Product Grid" time="0"/>
  <testcase name="Scenario: Product Grid" classname="Scenario: Product Grid" time="0.128"/>
  <testcase name="Given User is on Category Page" classname="Scenario: Compare button is displayed" time="0"/>
  <testcase name="And select a category" classname="Scenario: Compare button is displayed" time="0"/>
  <testcase name="Then Verify that user can go to compare page" classname="Scenario: Compare button is displayed" time="0"/>
  <testcase name="Scenario: Compare button is displayed" classname="Scenario: Compare button is displayed" time="0.122"/>
  <testcase name="Given User is on compare Page" classname="Scenario: View all elements on category page" time="0"/>
  <testcase name="Then the following elements of the &quot;compare&quot; should be displayed" classname="Scenario: View all elements on category page" time="0"/>
  <testcase name="Given User is on Category Page" classname="Scenario: View header and Footer" time="0"/>
  <testcase name="Then the following elements of the &quot;navigation&quot; should be displayed" classname="Scenario: View header and Footer" time="0"/>
  <testcase name="Scenario: View header and Footer" classname="Scenario: View header and Footer" time="0.132"/>
  <testcase name="Given User is on Category Page" classname="Scenario: View hamburger nav in header" time="0"/>
  <testcase name="Then Scroll down on the page" classname="Scenario: View hamburger nav in header" time="0"/>
  <testcase name="And verify hamburger nav is displayed" classname="Scenario: View hamburger nav in header" time="0"/>
  <testcase name="Scenario: View hamburger nav in header" classname="Scenario: View hamburger nav in header" time="0.128"/>
  <testcase name="Given User is on Category Page" classname="Scenario: Able to subscribe to Newsletter" time="0"/>
  <testcase name="Then verify user is able to successfully subscribe to newsletter" classname="Scenario: Able to subscribe to Newsletter" time="0"/>
  <testcase name="Scenario: Able to subscribe to Newsletter" classname="Scenario: Able to subscribe to Newsletter" time="0.123"/>
  <testcase name="Given User is on Category Page" classname="Scenario: Newsletter Error" time="0"/>
  <testcase name="Then Error is displayed on entering an invalid email" classname="Scenario: Newsletter Error" time="0"/>
  <testcase name="Scenario: Newsletter Error" classname="Scenario: Newsletter Error" time="0.127"/>
</testsuite>